{
  "RSpec": {
    "coverage": {
      "/Users/Tristan/Documents/Turing/2module/projects/little-shop-redux/spec/features/user_sees_a_merchant_index_spec.rb": [
        1,
        1,
        1,
        1,
        1,
        1,
        1,
        1,
        null,
        1,
        null,
        1,
        1,
        1,
        1,
        1,
        null,
        1,
        1,
        null,
        1,
        1,
        null,
        1,
        1,
        null,
        1,
        1,
        null,
        1,
        1,
        null,
        0,
        null,
        null,
        null
      ],
      "/Users/Tristan/Documents/Turing/2module/projects/little-shop-redux/spec/models/merchant_spec.rb": [
        1,
        1,
        1,
        1,
        null,
        1,
        null,
        1,
        1,
        null,
        1,
        null,
        null,
        1,
        1,
        1,
        null,
        1,
        1,
        null,
        1,
        1,
        null,
        1,
        null,
        1,
        null,
        1,
        1,
        null,
        1,
        null,
        1,
        null,
        null,
        null
      ]
    },
    "timestamp": 1530214567
  }
}
